2024-06-16 06:13:07 - Starting loop iteration
2024-06-16 06:13:07 - Using JSON file: /home/fam007e/dwm/scripts/FootballFixtures/matches_Date_16-06-24.json
2024-06-16 06:13:07 - Current time: 06:13 AM (373 minutes since midnight)
2024-06-16 06:13:09 - Matches sorted by time
2024-06-16 06:13:09 - Displaying match:  vs  at 
2024-06-16 06:13:09 - Displaying match:  vs  at 
2024-06-16 06:13:09 - Displaying match:  vs  at 
2024-06-16 06:13:09 - Displaying match:  vs  at 
2024-06-16 06:13:09 - Displaying match:  vs  at 
2024-06-16 06:13:09 - Displaying match:  vs  at 
2024-06-16 06:13:09 - Displaying match:  vs  at 
2024-06-16 06:13:09 - Displaying match:  vs  at 
2024-06-16 06:13:09 - Displaying match:  vs  at 
2024-06-16 06:13:09 - Displaying match:  vs  at 
2024-06-16 06:13:09 - Displaying match:  vs  at 
2024-06-16 06:13:09 - Displaying match:  vs  at 
2024-06-16 06:13:09 - Displaying match:  vs  at 
2024-06-16 06:13:10 - Displaying match:  vs  at 
2024-06-16 06:13:10 - Displaying match:  vs  at 
2024-06-16 06:13:10 - Displaying match:  vs  at 
2024-06-16 06:13:10 - Displaying match:  vs  at 
2024-06-16 06:13:10 - Displaying match:  vs  at 
2024-06-16 06:13:10 - Displaying match:  vs  at 
2024-06-16 06:13:10 - Displaying match:  vs  at 
2024-06-16 06:13:10 - Displaying match:  vs  at 
2024-06-16 06:13:10 - Displaying match:  vs  at 
2024-06-16 06:13:10 - Displaying match:  vs  at 
2024-06-16 06:13:10 - Displaying match:  vs  at 
2024-06-16 06:13:10 - Displaying match:  vs  at 
2024-06-16 06:13:10 - Displaying match:  vs  at 
2024-06-16 06:13:10 - Displaying match:  vs  at 
2024-06-16 06:13:10 - Displaying match:  vs  at 
2024-06-16 06:13:10 - Displaying match:  vs  at 
2024-06-16 06:13:10 - Displaying match:  vs  at 
2024-06-16 06:13:10 - Displaying match:  vs  at 
2024-06-16 06:13:10 - Displaying match:  vs  at 
2024-06-16 06:13:10 - Displaying match:  vs  at 
2024-06-16 06:13:10 - Displaying match:  vs  at 
2024-06-16 06:13:10 - Displaying match:  vs  at 
2024-06-16 06:13:10 - Displaying match:  vs  at 
2024-06-16 06:13:10 - Displaying match:  vs  at 
2024-06-16 06:13:10 - Displaying match:  vs  at 
2024-06-16 06:13:10 - Displaying match:  vs  at 
2024-06-16 06:13:10 - Displaying match:  vs  at 
2024-06-16 06:13:10 - Displaying match:  vs  at 
2024-06-16 06:13:10 - Displaying match:  vs  at 
2024-06-16 06:13:10 - Displaying match:  vs  at 
2024-06-16 06:13:10 - Displaying match:  vs  at 
2024-06-16 06:13:10 - Displaying match:  vs  at 
2024-06-16 06:13:10 - Displaying match:  vs  at 
2024-06-16 06:13:10 - Displaying match:  vs  at 
2024-06-16 06:13:10 - Displaying match:  vs  at 
2024-06-16 06:13:10 - Displaying match:  vs  at 
2024-06-16 06:13:10 - Displaying match:  vs  at 
2024-06-16 06:13:10 - Displaying match:  vs  at 
2024-06-16 06:13:10 - Displaying match:  vs  at 
2024-06-16 06:13:10 - Displaying match:  vs  at 
2024-06-16 06:13:10 - Displaying match:  vs  at 
2024-06-16 06:13:10 - Displaying match:  vs  at 
2024-06-16 06:13:10 - Displaying match:  vs  at 
2024-06-16 06:13:10 - Displaying match:  vs  at 
2024-06-16 06:13:10 - Displaying match:  vs  at 
2024-06-16 06:13:10 - Displaying match:  vs  at 
2024-06-16 06:13:10 - Displaying match:  vs  at 
2024-06-16 06:13:10 - Displaying match:  vs  at 
2024-06-16 06:13:10 - Displaying match:  vs  at 
2024-06-16 06:13:10 - Displaying match:  vs  at 
2024-06-16 06:13:10 - Displaying match:  vs  at 
2024-06-16 06:13:10 - Displaying match:  vs  at 
2024-06-16 06:13:10 - Displaying match:  vs  at 
2024-06-16 06:13:10 - Displaying match:  vs  at 
2024-06-16 06:13:10 - Displaying match:  vs  at 
2024-06-16 06:13:10 - Displaying match:  vs  at 
2024-06-16 06:13:10 - Displaying match:  vs  at 
2024-06-16 06:13:10 - Displaying match:  vs  at 
2024-06-16 06:13:10 - Displaying match:  vs  at 
2024-06-16 06:13:10 - Displaying match:  vs  at 
2024-06-16 06:13:10 - Displaying match:  vs  at 
2024-06-16 06:13:10 - Displaying match:  vs  at 
2024-06-16 06:13:10 - Displaying match:  vs  at 
2024-06-16 06:13:10 - Displaying match:  vs  at 
2024-06-16 06:13:10 - Displaying match:  vs  at 
2024-06-16 06:13:10 - Displaying match:  vs  at 
2024-06-16 06:13:10 - Displaying match:  vs  at 
2024-06-16 06:13:10 - Displaying match:  vs  at 
2024-06-16 06:13:10 - Displaying match:  vs  at 
2024-06-16 06:13:10 - Displaying match:  vs  at 
2024-06-16 06:13:10 - Displaying match:  vs  at 
2024-06-16 06:13:10 - Displaying match:  vs  at 
2024-06-16 06:13:10 - Displaying match:  vs  at 
2024-06-16 06:13:10 - Displaying match:  vs  at 
2024-06-16 06:13:10 - Displaying match:  vs  at 
2024-06-16 06:13:10 - Displaying match:  vs  at 
2024-06-16 06:13:10 - Displaying match:  vs  at 
2024-06-16 06:13:10 - Displaying match:  vs  at 
2024-06-16 06:13:10 - Displaying match:  vs  at 
2024-06-16 06:13:10 - Displaying match:  vs  at 
2024-06-16 06:13:10 - Displaying match:  vs  at 
2024-06-16 06:13:10 - Displaying match:  vs  at 
2024-06-16 06:13:10 - Displaying match:  vs  at 
2024-06-16 06:13:10 - Displaying match:  vs  at 
2024-06-16 06:13:10 - Displaying match:  vs  at 
2024-06-16 06:13:10 - Displaying match:  vs  at 
2024-06-16 06:13:10 - Displaying match:  vs  at 
2024-06-16 06:13:10 - Displaying match:  vs  at 
2024-06-16 06:13:10 - Displaying match:  vs  at 
2024-06-16 06:13:10 - Displaying match:  vs  at 
2024-06-16 06:13:10 - Displaying match:  vs  at 
2024-06-16 06:13:10 - Displaying match:  vs  at 
2024-06-16 06:13:10 - Displaying match:  vs  at 
2024-06-16 06:13:10 - Displaying match:  vs  at 
2024-06-16 06:13:10 - Displaying match:  vs  at 
2024-06-16 06:13:10 - Displaying match:  vs  at 
2024-06-16 06:13:10 - Displaying match:  vs  at 
2024-06-16 06:13:11 - Displaying match:  vs  at 
2024-06-16 06:13:11 - Displaying match:  vs  at 
2024-06-16 06:13:11 - Displaying match:  vs  at 
2024-06-16 06:13:11 - Displaying match:  vs  at 
2024-06-16 06:13:11 - Displaying match:  vs  at 
2024-06-16 06:13:11 - Displaying match:  vs  at 
2024-06-16 06:16:11 - Starting loop iteration
2024-06-16 06:16:11 - Using JSON file: /home/fam007e/dwm/scripts/FootballFixtures/matches_Date_16-06-24.json
2024-06-16 06:16:11 - Current time: 06:16 AM (376 minutes since midnight)
2024-06-16 06:16:13 - Matches sorted by time
2024-06-16 06:16:13 - Skipping match with missing details: 2020","stream_link":"https://vipstand.pm/sports/football/watch-poland-vs-netherlands-live/1/"}
2024-06-16 06:16:13 - Skipping match with missing details: 2020","stream_link":"https://vipstand.pm/sports/football/watch-serbia-vs-england-live/1/"}
2024-06-16 06:16:13 - Skipping match with missing details: 2020","stream_link":"https://vipstand.pm/sports/football/watch-slovenia-vs-denmark-live/1/"}
2024-06-16 06:16:14 - Skipping match with missing details: Akita","match_time":"02:00
2024-06-16 06:16:14 - Skipping match with missing details: AM","competition":"ARGENTINA","stream_link":"https://vipstand.pm/sports/football/watch-atletico-tucuman-vs-defensa-y-justicia-live/1/"}
2024-06-16 06:16:14 - Skipping match with missing details: AM","competition":"ARGENTINA","stream_link":"https://vipstand.pm/sports/football/watch-rosario-central-vs-barracas-central-live/1/"}
2024-06-16 06:16:14 - Skipping match with missing details: AM","competition":"BRAZIL","stream_link":"https://vipstand.pm/sports/football/watch-athletico-pr-vs-flamengo-live/1/"}
2024-06-16 06:16:14 - Skipping match with missing details: AM","competition":"BRAZIL","stream_link":"https://vipstand.pm/sports/football/watch-brusque-vs-ceara-live/1/"}
2024-06-16 06:16:14 - Skipping match with missing details: AM","competition":"BRAZIL","stream_link":"https://vipstand.pm/sports/football/watch-corinthians-vs-sao-paulo-live/1/"}
2024-06-16 06:16:14 - Skipping match with missing details: AM","competition":"BRAZIL","stream_link":"https://vipstand.pm/sports/football/watch-criciuma-vs-bahia-live/1/"}
2024-06-16 06:16:14 - Skipping match with missing details: AM","competition":"BRAZIL","stream_link":"https://vipstand.pm/sports/football/watch-cuiaba-vs-fortaleza-live/1/"}
2024-06-16 06:16:14 - Skipping match with missing details: AM","competition":"BRAZIL","stream_link":"https://vipstand.pm/sports/football/watch-fluminense-vs-atletico-go-live/1/"}
2024-06-16 06:16:14 - Skipping match with missing details: AM","competition":"BRAZIL","stream_link":"https://vipstand.pm/sports/football/watch-goias-vs-coritiba-live/1/"}
2024-06-16 06:16:14 - Skipping match with missing details: AM","competition":"BRAZIL","stream_link":"https://vipstand.pm/sports/football/watch-gremio-vs-botafogo-live/1/"}
2024-06-16 06:16:14 - Skipping match with missing details: AM","competition":"BRAZIL","stream_link":"https://vipstand.pm/sports/football/watch-sport-vs-mirassol-live/1/"}
2024-06-16 06:16:14 - Skipping match with missing details: AM","competition":"BRAZIL","stream_link":"https://vipstand.pm/sports/football/watch-vasco-da-gama-vs-cruzeiro-live/1/"}
2024-06-16 06:16:14 - Skipping match with missing details: AM","competition":"BRAZIL","stream_link":"https://vipstand.pm/sports/football/watch-vitoria-vs-internacional-live/1/"}
2024-06-16 06:16:14 - Skipping match with missing details: AM","competition":"CANADA","stream_link":"https://vipstand.pm/sports/football/watch-vancouver-fc-vs-cavalry-live/1/"}
2024-06-16 06:16:14 - Skipping match with missing details: AM","competition":"COLOMBIA","stream_link":"https://vipstand.pm/sports/football/watch-independiente-santa-fe-vs-bucaramanga-live/1/"}
2024-06-16 06:16:14 - Skipping match with missing details: AM","competition":"EURO
2024-06-16 06:16:14 - Skipping match with missing details: AM","competition":"FOOTBALL","stream_link":"https://vipstand.pm/sports/football/watch-ecuador-vs-honduras-live/1/"}
2024-06-16 06:16:14 - Skipping match with missing details: AM","competition":"FOOTBALL","stream_link":"https://vipstand.pm/sports/football/watch-houston-dash-w-vs-angel-city-w-live/1/"}
2024-06-16 06:16:14 - Skipping match with missing details: AM","competition":"FOOTBALL","stream_link":"https://vipstand.pm/sports/football/watch-north-carolina-courage-w-vs-orlando-pride-w-live/1/"}
2024-06-16 06:16:14 - Skipping match with missing details: AM","competition":"FOOTBALL","stream_link":"https://vipstand.pm/sports/football/watch-panama-vs-paraguay-live/1/"}
2024-06-16 06:16:14 - Skipping match with missing details: AM","competition":"FOOTBALL","stream_link":"https://vipstand.pm/sports/football/watch-seattle-reign-w-vs-portland-thorns-w-live/1/"}
2024-06-16 06:16:14 - Skipping match with missing details: AM","competition":"FOOTBALL","stream_link":"https://vipstand.pm/sports/football/watch-washington-spirit-w-vs-san-diego-wave-w-live/1/"}
2024-06-16 06:16:14 - Skipping match with missing details: AM","competition":"JAPAN","stream_link":"https://vipstand.pm/sports/football/watch-vissel-kobe-vs-kawasaki-frontale-live/1/"}
2024-06-16 06:16:14 - Skipping match with missing details: AM","competition":"UNITED
2024-06-16 06:16:14 - Skipping match with missing details: AM","competition":"UNITED
2024-06-16 06:16:14 - Skipping match with missing details: AM","competition":"UNITED
2024-06-16 06:16:14 - Skipping match with missing details: AM","competition":"UNITED
2024-06-16 06:16:14 - Skipping match with missing details: AM","competition":"UNITED
2024-06-16 06:16:14 - Skipping match with missing details: AM","competition":"UNITED
2024-06-16 06:16:14 - Skipping match with missing details: AM","competition":"UNITED
2024-06-16 06:16:14 - Skipping match with missing details: AM","competition":"UNITED
2024-06-16 06:16:14 - Skipping match with missing details: AM","competition":"UNITED
2024-06-16 06:16:14 - Skipping match with missing details: AM","competition":"UNITED
2024-06-16 06:16:14 - Skipping match with missing details: AM","competition":"UNITED
2024-06-16 06:16:14 - Skipping match with missing details: AM","competition":"UNITED
2024-06-16 06:16:14 - Skipping match with missing details: AM","competition":"UNITED
2024-06-16 06:16:14 - Skipping match with missing details: AM","competition":"UNITED
2024-06-16 06:16:14 - Skipping match with missing details: AM","competition":"UNITED
2024-06-16 06:16:14 - Skipping match with missing details: AM","competition":"URUGUAY","stream_link":"https://vipstand.pm/sports/football/watch-defensor-sporting-vs-progreso-live/1/"}
2024-06-16 06:16:14 - Skipping match with missing details: Antlers","away_team":"Albirex
2024-06-16 06:16:14 - Skipping match with missing details: Antonio
2024-06-16 06:16:14 - Skipping match with missing details: Antonio","match_time":"05:00
2024-06-16 06:16:14 - Skipping match with missing details: Bellmare","match_time":"03:00
2024-06-16 06:16:14 - Skipping match with missing details: Bulls","away_team":"Nashville
2024-06-16 06:16:14 - Skipping match with missing details: Carolina
2024-06-16 06:16:14 - Skipping match with missing details: Central","away_team":"Barracas
2024-06-16 06:16:14 - Skipping match with missing details: Central","match_time":"09:00
2024-06-16 06:16:14 - Skipping match with missing details: CF","match_time":"05:30
2024-06-16 06:16:14 - Skipping match with missing details: Chiba","away_team":"Tokushima
2024-06-16 06:16:14 - Skipping match with missing details: Cincinnati","match_time":"08:30
2024-06-16 06:16:14 - Skipping match with missing details: City
2024-06-16 06:16:14 - Skipping match with missing details: City
2024-06-16 06:16:14 - Skipping match with missing details: CITY
2024-06-16 06:16:14 - Skipping match with missing details: City","match_time":"08:30
2024-06-16 06:16:14 - Skipping match with missing details: Club
2024-06-16 06:16:14 - Skipping match with missing details: Coast
2024-06-16 06:16:14 - Skipping match with missing details: Coast","away_team":"Wuhan
2024-06-16 06:16:14 - Skipping match with missing details: County
2024-06-16 06:16:14 - Skipping match with missing details: Courage
2024-06-16 06:16:14 - Skipping match with missing details: da
2024-06-16 06:16:14 - Skipping match with missing details: Dallas","away_team":"St.
2024-06-16 06:16:14 - Skipping match with missing details: Dash
2024-06-16 06:16:14 - Skipping match with missing details: Diego
2024-06-16 06:16:14 - Skipping match with missing details: Dynamo
2024-06-16 06:16:14 - Skipping match with missing details: Earthquakes","away_team":"FC
2024-06-16 06:16:14 - Skipping match with missing details: Eleven","away_team":"San
2024-06-16 06:16:14 - Skipping match with missing details: England
2024-06-16 06:16:14 - Skipping match with missing details: FC","away_team":"Cavalry","match_time":"03:00
2024-06-16 06:16:14 - Skipping match with missing details: FC","away_team":"Chicago
2024-06-16 06:16:14 - Skipping match with missing details: FC","away_team":"D.C.
2024-06-16 06:16:14 - Skipping match with missing details: FC","away_team":"Houston
2024-06-16 06:16:14 - Skipping match with missing details: FC","away_team":"Minnesota
2024-06-16 06:16:14 - Skipping match with missing details: FC","away_team":"Shimizu
2024-06-16 06:16:14 - Skipping match with missing details: FC","match_time":"05:30
2024-06-16 06:16:14 - Skipping match with missing details: FC","match_time":"05:30
2024-06-16 06:16:14 - Skipping match with missing details: FC","match_time":"07:30
2024-06-16 06:16:14 - Skipping match with missing details: FC","match_time":"08:30
2024-06-16 06:16:14 - Skipping match with missing details: Fe","away_team":"Bucaramanga","match_time":"06:30
2024-06-16 06:16:14 - Skipping match with missing details: Fire
2024-06-16 06:16:14 - Skipping match with missing details: Frontale","match_time":"11:00
2024-06-16 06:16:14 - Skipping match with missing details: Fukuoka","away_team":"Sagan
2024-06-16 06:16:14 - Skipping match with missing details: Galaxy","away_team":"Sporting
2024-06-16 06:16:14 - Skipping match with missing details: Gama","away_team":"Cruzeiro","match_time":"03:30
2024-06-16 06:16:14 - Skipping match with missing details: Grampus","away_team":"Shonan
2024-06-16 06:16:14 - Skipping match with missing details: Gunma","away_team":"Renofa
2024-06-16 06:16:15 - Skipping match with missing details: Hainiu","match_time":"05:00
2024-06-16 06:16:15 - Skipping match with missing details: Hollyhock","away_team":"Blaublitz
2024-06-16 06:16:15 - Skipping match with missing details: {"home_team":"Athletic
2024-06-16 06:16:15 - Skipping match with missing details: {"home_team":"Athletico-PR","away_team":"Flamengo","match_time":"01:00
2024-06-16 06:16:15 - Skipping match with missing details: {"home_team":"Atlanta
2024-06-16 06:16:15 - Skipping match with missing details: {"home_team":"Atletico
2024-06-16 06:16:15 - Skipping match with missing details: {"home_team":"Avispa
2024-06-16 06:16:15 - Skipping match with missing details: {"home_team":"Botafogo
2024-06-16 06:16:15 - Skipping match with missing details: {"home_team":"Brusque","away_team":"Ceara","match_time":"01:00
2024-06-16 06:16:15 - Skipping match with missing details: {"home_team":"Cangzhou
2024-06-16 06:16:15 - Skipping match with missing details: {"home_team":"CF
2024-06-16 06:16:15 - Skipping match with missing details: {"home_team":"Charlotte
2024-06-16 06:16:15 - Skipping match with missing details: {"home_team":"Colorado
2024-06-16 06:16:15 - Skipping match with missing details: {"home_team":"Colorado
2024-06-16 06:16:15 - Skipping match with missing details: {"home_team":"Corinthians","away_team":"Sao
2024-06-16 06:16:15 - Skipping match with missing details: {"home_team":"Criciuma","away_team":"Bahia","match_time":"03:30
2024-06-16 06:16:15 - Skipping match with missing details: {"home_team":"Cuiaba","away_team":"Fortaleza","match_time":"03:30
2024-06-16 06:28:55 - Starting loop iteration
2024-06-16 06:28:55 - Using JSON file: /home/fam007e/dwm/scripts/FootballFixtures/matches_Date_16-06-24.json
2024-06-16 06:28:55 - Current time: 06:28 AM (388 minutes since midnight)
2024-06-16 06:28:55 - Skipping match with missing details: {"home_team":"New
2024-06-16 06:28:55 - Skipping match with missing details: York
2024-06-16 06:28:55 - Skipping match with missing details: Red
2024-06-16 06:28:55 - Skipping match with missing details: Bulls","away_team":"Nashville
2024-06-16 06:28:55 - Skipping match with missing details: SC","match_time":"05:30
2024-06-16 06:28:55 - Skipping match with missing details: AM","competition":"UNITED
2024-06-16 06:28:55 - Skipping match with missing details: STATES","stream_link":"https://vipstand.pm/sports/football/watch-new-york-red-bulls-vs-nashville-sc-live/1/"}
2024-06-16 06:28:55 - Skipping match with missing details: {"home_team":"LA
2024-06-16 06:28:55 - Skipping match with missing details: Galaxy","away_team":"Sporting
2024-06-16 06:28:55 - Skipping match with missing details: Kansas
2024-06-16 06:28:55 - Skipping match with missing details: City","match_time":"08:30
2024-06-16 06:28:55 - Skipping match with missing details: AM","competition":"UNITED
2024-06-16 06:28:55 - Skipping match with missing details: STATES","stream_link":"https://vipstand.pm/sports/football/watch-la-galaxy-vs-sporting-kansas-city-live/1/"}
2024-06-16 06:28:55 - Skipping match with missing details: {"home_team":"Cuiaba","away_team":"Fortaleza","match_time":"03:30
2024-06-16 06:28:55 - Skipping match with missing details: AM","competition":"BRAZIL","stream_link":"https://vipstand.pm/sports/football/watch-cuiaba-vs-fortaleza-live/1/"}
2024-06-16 06:28:55 - Skipping match with missing details: {"home_team":"Avispa
2024-06-16 06:28:55 - Skipping match with missing details: Fukuoka","away_team":"Sagan
2024-06-16 06:28:55 - Skipping match with missing details: Tosu","match_time":"12:30
2024-06-16 06:28:55 - Skipping match with missing details: PM","competition":"JAPAN","stream_link":"https://vipstand.pm/sports/football/watch-avispa-fukuoka-vs-sagan-tosu-live/1/"}
2024-06-16 06:28:55 - Skipping match with missing details: {"home_team":"Rosario
2024-06-16 06:28:55 - Skipping match with missing details: Central","away_team":"Barracas
2024-06-16 06:28:55 - Skipping match with missing details: Central","match_time":"09:00
2024-06-16 06:28:55 - Skipping match with missing details: AM","competition":"ARGENTINA","stream_link":"https://vipstand.pm/sports/football/watch-rosario-central-vs-barracas-central-live/1/"}
2024-06-16 06:28:55 - Skipping match with missing details: {"home_team":"Seattle
2024-06-16 06:28:55 - Skipping match with missing details: Reign
2024-06-16 06:28:55 - Skipping match with missing details: W","away_team":"Portland
2024-06-16 06:28:55 - Skipping match with missing details: Thorns
2024-06-16 06:28:55 - Skipping match with missing details: W","match_time":"02:00
2024-06-16 06:28:56 - Skipping match with missing details: AM","competition":"FOOTBALL","stream_link":"https://vipstand.pm/sports/football/watch-seattle-reign-w-vs-portland-thorns-w-live/1/"}
2024-06-16 06:28:56 - Skipping match with missing details: {"home_team":"Atletico
2024-06-16 06:28:56 - Skipping match with missing details: Tucuman","away_team":"Defensa
2024-06-16 06:28:56 - Skipping match with missing details: y
2024-06-16 06:28:56 - Skipping match with missing details: Justicia","match_time":"05:30
2024-06-16 06:28:56 - Skipping match with missing details: AM","competition":"ARGENTINA","stream_link":"https://vipstand.pm/sports/football/watch-atletico-tucuman-vs-defensa-y-justicia-live/1/"}
2024-06-16 06:28:56 - Skipping match with missing details: {"home_team":"Vitoria","away_team":"Internacional","match_time":"01:00
2024-06-16 06:28:56 - Skipping match with missing details: AM","competition":"BRAZIL","stream_link":"https://vipstand.pm/sports/football/watch-vitoria-vs-internacional-live/1/"}
2024-06-16 06:28:56 - Skipping match with missing details: {"home_team":"Vancouver
2024-06-16 06:28:56 - Skipping match with missing details: FC","away_team":"Cavalry","match_time":"03:00
2024-06-16 06:28:56 - Skipping match with missing details: AM","competition":"CANADA","stream_link":"https://vipstand.pm/sports/football/watch-vancouver-fc-vs-cavalry-live/1/"}
2024-06-16 06:28:56 - Skipping match with missing details: {"home_team":"Panama","away_team":"Paraguay","match_time":"04:30
2024-06-16 06:28:56 - Skipping match with missing details: AM","competition":"FOOTBALL","stream_link":"https://vipstand.pm/sports/football/watch-panama-vs-paraguay-live/1/"}
2024-06-16 06:28:56 - Skipping match with missing details: {"home_team":"Gremio","away_team":"Botafogo","match_time":"03:30
2024-06-16 06:28:56 - Skipping match with missing details: AM","competition":"BRAZIL","stream_link":"https://vipstand.pm/sports/football/watch-gremio-vs-botafogo-live/1/"}
2024-06-16 06:28:56 - Skipping match with missing details: {"home_team":"Fluminense","away_team":"Atletico-GO","match_time":"06:00
2024-06-16 06:28:56 - Skipping match with missing details: AM","competition":"BRAZIL","stream_link":"https://vipstand.pm/sports/football/watch-fluminense-vs-atletico-go-live/1/"}
2024-06-16 06:28:56 - Skipping match with missing details: {"home_team":"Thespa
2024-06-16 06:28:56 - Skipping match with missing details: Gunma","away_team":"Renofa
2024-06-16 06:28:56 - Skipping match with missing details: Yamaguchi","match_time":"03:30
2024-06-16 06:28:56 - Skipping match with missing details: PM","competition":"JAPAN","stream_link":"https://vipstand.pm/sports/football/watch-thespa-gunma-vs-renofa-yamaguchi-live/1/"}
2024-06-16 06:28:56 - Skipping match with missing details: {"home_team":"Oster","away_team":"Ostersund","match_time":"07:00
2024-06-16 06:28:56 - Skipping match with missing details: PM","competition":"SWEDEN","stream_link":"https://vipstand.pm/sports/football/watch-oster-vs-ostersund-live/1/"}
2024-06-16 06:28:56 - Skipping match with missing details: {"home_team":"Indy
2024-06-16 06:28:56 - Skipping match with missing details: Eleven","away_team":"San
2024-06-16 06:28:56 - Skipping match with missing details: Antonio
2024-06-16 06:28:56 - Skipping match with missing details: San
2024-06-16 06:28:56 - Skipping match with missing details: Antonio","match_time":"05:00
2024-06-16 06:28:56 - Skipping match with missing details: AM","competition":"UNITED
2024-06-16 06:28:56 - Skipping match with missing details: STATES","stream_link":"https://vipstand.pm/sports/football/watch-indy-eleven-vs-san-antonio-san-antonio-live/1/"}
2024-06-16 06:28:56 - Skipping match with missing details: {"home_team":"Botafogo
2024-06-16 06:28:56 - Skipping match with missing details: SP","away_team":"Vila
2024-06-16 06:28:56 - Skipping match with missing details: Nova-GO","match_time":"08:00
2024-06-16 06:28:56 - Skipping match with missing details: PM","competition":"BRAZIL","stream_link":"https://vipstand.pm/sports/football/watch-botafogo-sp-vs-vila-nova-go-live/1/"}
2024-06-16 06:28:56 - Skipping match with missing details: {"home_team":"Goias","away_team":"Coritiba","match_time":"03:30
2024-06-16 06:28:56 - Skipping match with missing details: AM","competition":"BRAZIL","stream_link":"https://vipstand.pm/sports/football/watch-goias-vs-coritiba-live/1/"}
2024-06-16 06:28:56 - Skipping match with missing details: {"home_team":"Seattle
2024-06-16 06:28:56 - Skipping match with missing details: Sounders
2024-06-16 06:28:56 - Skipping match with missing details: FC","away_team":"Minnesota
2024-06-16 06:28:56 - Skipping match with missing details: United
2024-06-16 06:28:56 - Skipping match with missing details: FC","match_time":"08:30
2024-06-16 06:28:56 - Skipping match with missing details: AM","competition":"UNITED
2024-06-16 06:28:56 - Skipping match with missing details: STATES","stream_link":"https://vipstand.pm/sports/football/watch-seattle-sounders-fc-vs-minnesota-united-fc-live/1/"}
2024-06-16 06:28:56 - Skipping match with missing details: {"home_team":"Qingdao
2024-06-16 06:28:56 - Skipping match with missing details: West
2024-06-16 06:28:56 - Skipping match with missing details: Coast","away_team":"Wuhan
2024-06-16 06:28:56 - Skipping match with missing details: Three
2024-06-16 06:28:56 - Skipping match with missing details: Towns","match_time":"06:00
2024-06-16 06:28:56 - Skipping match with missing details: PM","competition":"CHINA","stream_link":"https://vipstand.pm/sports/football/watch-qingdao-west-coast-vs-wuhan-three-towns-live/1/"}
2024-06-16 06:28:56 - Skipping match with missing details: {"home_team":"Athletico-PR","away_team":"Flamengo","match_time":"01:00
2024-06-16 06:28:56 - Skipping match with missing details: AM","competition":"BRAZIL","stream_link":"https://vipstand.pm/sports/football/watch-athletico-pr-vs-flamengo-live/1/"}
2024-06-16 06:28:56 - Skipping match with missing details: {"home_team":"Oita","away_team":"Tochigi
2024-06-16 06:28:56 - Skipping match with missing details: SC","match_time":"03:00
2024-06-16 06:28:56 - Skipping match with missing details: PM","competition":"JAPAN","stream_link":"https://vipstand.pm/sports/football/watch-oita-vs-tochigi-sc-live/1/"}
2024-06-16 06:28:56 - Skipping match with missing details: {"home_team":"Serbia","away_team":"England","match_time":"01:00
2024-06-16 06:28:56 - Skipping match with missing details: AM","competition":"EURO
2024-06-16 06:28:56 - Skipping match with missing details: 2020","stream_link":"https://vipstand.pm/sports/football/watch-serbia-vs-england-live/1/"}
2024-06-16 06:28:56 - Skipping match with missing details: {"home_team":"Shanghai
2024-06-16 06:28:56 - Skipping match with missing details: Shenhua","away_team":"Chengdu
2024-06-16 06:28:56 - Skipping match with missing details: Rongcheng","match_time":"05:35
2024-06-16 06:28:56 - Skipping match with missing details: PM","competition":"CHINA","stream_link":"https://vipstand.pm/sports/football/watch-shanghai-shenhua-vs-chengdu-rongcheng-live/1/"}
2024-06-16 06:28:56 - Skipping match with missing details: {"home_team":"Mito
2024-06-16 06:28:56 - Skipping match with missing details: Hollyhock","away_team":"Blaublitz
2024-06-16 06:28:56 - Skipping match with missing details: Akita","match_time":"02:00
2024-06-16 06:28:56 - Skipping match with missing details: PM","competition":"JAPAN","stream_link":"https://vipstand.pm/sports/football/watch-mito-hollyhock-vs-blaublitz-akita-live/1/"}
2024-06-16 06:28:56 - Skipping match with missing details: {"home_team":"Poland","away_team":"Netherlands","match_time":"07:00
2024-06-16 06:28:56 - Skipping match with missing details: PM","competition":"EURO
2024-06-16 06:28:56 - Skipping match with missing details: 2020","stream_link":"https://vipstand.pm/sports/football/watch-poland-vs-netherlands-live/1/"}
2024-06-16 06:28:56 - Skipping match with missing details: {"home_team":"Ecuador","away_team":"Honduras","match_time":"02:30
2024-06-16 06:28:56 - Skipping match with missing details: AM","competition":"FOOTBALL","stream_link":"https://vipstand.pm/sports/football/watch-ecuador-vs-honduras-live/1/"}
2024-06-16 06:28:56 - Skipping match with missing details: {"home_team":"Orlando
2024-06-16 06:28:56 - Skipping match with missing details: City
2024-06-16 06:28:56 - Skipping match with missing details: SC","away_team":"LAFC","match_time":"05:30
2024-06-16 06:28:56 - Skipping match with missing details: AM","competition":"UNITED
2024-06-16 06:28:56 - Skipping match with missing details: STATES","stream_link":"https://vipstand.pm/sports/football/watch-orlando-city-sc-vs-lafc-live/1/"}
2024-06-16 06:28:56 - Skipping match with missing details: {"home_team":"San
2024-06-16 06:28:56 - Skipping match with missing details: Jose
2024-06-16 06:28:56 - Skipping match with missing details: Earthquakes","away_team":"FC
2024-06-16 06:28:56 - Skipping match with missing details: Cincinnati","match_time":"08:30
2024-06-16 06:28:56 - Skipping match with missing details: AM","competition":"UNITED
2024-06-16 06:28:56 - Skipping match with missing details: STATES","stream_link":"https://vipstand.pm/sports/football/watch-san-jose-earthquakes-vs-fc-cincinnati-live/1/"}
2024-06-16 06:28:56 - Skipping match with missing details: {"home_team":"North
2024-06-16 06:28:56 - Skipping match with missing details: Carolina
2024-06-16 06:28:56 - Skipping match with missing details: Courage
2024-06-16 06:28:56 - Skipping match with missing details: W","away_team":"Orlando
2024-06-16 06:28:56 - Skipping match with missing details: Pride
2024-06-16 06:28:56 - Skipping match with missing details: W","match_time":"05:30
2024-06-16 06:28:56 - Skipping match with missing details: AM","competition":"FOOTBALL","stream_link":"https://vipstand.pm/sports/football/watch-north-carolina-courage-w-vs-orlando-pride-w-live/1/"}
2024-06-16 06:28:56 - Skipping match with missing details: {"home_team":"Cangzhou
2024-06-16 06:28:56 - Skipping match with missing details: Mighty
2024-06-16 06:28:56 - Skipping match with missing details: Lions","away_team":"Qingdao
2024-06-16 06:28:56 - Skipping match with missing details: Hainiu","match_time":"05:00
2024-06-16 06:28:56 - Skipping match with missing details: PM","competition":"CHINA","stream_link":"https://vipstand.pm/sports/football/watch-cangzhou-mighty-lions-vs-qingdao-hainiu-live/1/"}
2024-06-16 06:28:56 - Skipping match with missing details: {"home_team":"Roasso
2024-06-16 06:28:56 - Skipping match with missing details: Kumamoto","away_team":"Fagiano
2024-06-16 06:28:57 - Skipping match with missing details: Okayama","match_time":"03:00
2024-06-16 06:28:57 - Skipping match with missing details: PM","competition":"JAPAN","stream_link":"https://vipstand.pm/sports/football/watch-roasso-kumamoto-vs-fagiano-okayama-live/1/"}
2024-06-16 06:28:57 - Skipping match with missing details: {"home_team":"Slovenia","away_team":"Denmark","match_time":"10:00
2024-06-16 06:28:57 - Skipping match with missing details: PM","competition":"EURO
2024-06-16 06:28:57 - Skipping match with missing details: 2020","stream_link":"https://vipstand.pm/sports/football/watch-slovenia-vs-denmark-live/1/"}
2024-06-16 06:28:57 - Skipping match with missing details: {"home_team":"CF
2024-06-16 06:28:57 - Skipping match with missing details: Montreal","away_team":"Real
2024-06-16 06:28:57 - Skipping match with missing details: Salt
2024-06-16 06:28:57 - Skipping match with missing details: Lake","match_time":"05:30
2024-06-16 06:28:57 - Skipping match with missing details: AM","competition":"UNITED
2024-06-16 06:28:57 - Skipping match with missing details: STATES","stream_link":"https://vipstand.pm/sports/football/watch-cf-montreal-vs-real-salt-lake-live/1/"}
2024-06-16 06:28:57 - Skipping match with missing details: {"home_team":"Corinthians","away_team":"Sao
2024-06-16 06:28:57 - Skipping match with missing details: Paulo","match_time":"01:00
2024-06-16 06:28:57 - Skipping match with missing details: AM","competition":"BRAZIL","stream_link":"https://vipstand.pm/sports/football/watch-corinthians-vs-sao-paulo-live/1/"}
2024-06-16 06:28:57 - Skipping match with missing details: {"home_team":"Brusque","away_team":"Ceara","match_time":"01:00
2024-06-16 06:28:57 - Skipping match with missing details: AM","competition":"BRAZIL","stream_link":"https://vipstand.pm/sports/football/watch-brusque-vs-ceara-live/1/"}
2024-06-16 06:28:57 - Skipping match with missing details: {"home_team":"Criciuma","away_team":"Bahia","match_time":"03:30
2024-06-16 06:28:57 - Skipping match with missing details: AM","competition":"BRAZIL","stream_link":"https://vipstand.pm/sports/football/watch-criciuma-vs-bahia-live/1/"}
2024-06-16 06:28:57 - Skipping match with missing details: {"home_team":"Gamba
2024-06-16 06:28:57 - Skipping match with missing details: Osaka","away_team":"Kashiwa
2024-06-16 06:28:57 - Skipping match with missing details: Reysol","match_time":"03:00
2024-06-16 06:28:57 - Skipping match with missing details: PM","competition":"JAPAN","stream_link":"https://vipstand.pm/sports/football/watch-gamba-osaka-vs-kashiwa-reysol-live/1/"}
2024-06-16 06:28:57 - Skipping match with missing details: {"home_team":"Colorado
2024-06-16 06:28:57 - Skipping match with missing details: Springs","away_team":"Orange
2024-06-16 06:28:57 - Skipping match with missing details: County
2024-06-16 06:28:57 - Skipping match with missing details: SC","match_time":"07:00
2024-06-16 06:28:57 - Skipping match with missing details: AM","competition":"UNITED
2024-06-16 06:28:57 - Skipping match with missing details: STATES","stream_link":"https://vipstand.pm/sports/football/watch-colorado-springs-vs-orange-county-sc-live/1/"}
2024-06-16 06:28:57 - Skipping match with missing details: {"home_team":"JEF
2024-06-16 06:28:57 - Skipping match with missing details: Utd
2024-06-16 06:28:57 - Skipping match with missing details: Chiba","away_team":"Tokushima
2024-06-16 06:28:57 - Skipping match with missing details: Vortis","match_time":"04:00
2024-06-16 06:28:57 - Skipping match with missing details: PM","competition":"JAPAN","stream_link":"https://vipstand.pm/sports/football/watch-jef-utd-chiba-vs-tokushima-vortis-live/1/"}
2024-06-16 06:28:57 - Skipping match with missing details: {"home_team":"Helsingborg","away_team":"Orebro","match_time":"07:00
2024-06-16 06:28:57 - Skipping match with missing details: PM","competition":"SWEDEN","stream_link":"https://vipstand.pm/sports/football/watch-helsingborg-vs-orebro-live/1/"}
2024-06-16 06:28:57 - Skipping match with missing details: {"home_team":"Vasco
2024-06-16 06:28:57 - Skipping match with missing details: da
2024-06-16 06:28:57 - Skipping match with missing details: Gama","away_team":"Cruzeiro","match_time":"03:30
2024-06-16 06:28:57 - Skipping match with missing details: AM","competition":"BRAZIL","stream_link":"https://vipstand.pm/sports/football/watch-vasco-da-gama-vs-cruzeiro-live/1/"}
2024-06-16 06:28:57 - Skipping match with missing details: {"home_team":"Toronto
2024-06-16 06:28:57 - Skipping match with missing details: FC","away_team":"Chicago
2024-06-16 06:28:57 - Skipping match with missing details: Fire
2024-06-16 06:28:57 - Skipping match with missing details: FC","match_time":"05:30
2024-06-16 06:28:57 - Skipping match with missing details: AM","competition":"UNITED
2024-06-16 06:28:57 - Skipping match with missing details: STATES","stream_link":"https://vipstand.pm/sports/football/watch-toronto-fc-vs-chicago-fire-fc-live/1/"}
2024-06-16 06:28:57 - Skipping match with missing details: {"home_team":"Houston
2024-06-16 06:28:57 - Skipping match with missing details: Dash
2024-06-16 06:29:05 - Starting loop iteration
2024-06-16 06:29:05 - Using JSON file: /home/fam007e/dwm/scripts/FootballFixtures/matches_Date_16-06-24.json
2024-06-16 06:29:05 - Current time: 06:29 AM (389 minutes since midnight)
2024-06-16 06:29:05 - Skipping match with missing details: {"home_team":"New
2024-06-16 06:29:05 - Skipping match with missing details: York
2024-06-16 06:29:05 - Skipping match with missing details: Red
2024-06-16 06:29:05 - Skipping match with missing details: Bulls","away_team":"Nashville
2024-06-16 06:29:05 - Skipping match with missing details: SC","match_time":"05:30
2024-06-16 06:29:05 - Skipping match with missing details: AM","competition":"UNITED
2024-06-16 06:29:05 - Skipping match with missing details: STATES","stream_link":"https://vipstand.pm/sports/football/watch-new-york-red-bulls-vs-nashville-sc-live/1/"}
2024-06-16 06:29:05 - Skipping match with missing details: {"home_team":"LA
2024-06-16 06:29:05 - Skipping match with missing details: Galaxy","away_team":"Sporting
2024-06-16 06:29:05 - Skipping match with missing details: Kansas
2024-06-16 06:29:05 - Skipping match with missing details: City","match_time":"08:30
2024-06-16 06:29:05 - Skipping match with missing details: AM","competition":"UNITED
2024-06-16 06:29:05 - Skipping match with missing details: STATES","stream_link":"https://vipstand.pm/sports/football/watch-la-galaxy-vs-sporting-kansas-city-live/1/"}
2024-06-16 06:29:05 - Skipping match with missing details: {"home_team":"Cuiaba","away_team":"Fortaleza","match_time":"03:30
2024-06-16 06:29:06 - Skipping match with missing details: AM","competition":"BRAZIL","stream_link":"https://vipstand.pm/sports/football/watch-cuiaba-vs-fortaleza-live/1/"}
2024-06-16 06:29:06 - Skipping match with missing details: {"home_team":"Avispa
2024-06-16 06:29:06 - Skipping match with missing details: Fukuoka","away_team":"Sagan
2024-06-16 06:29:06 - Skipping match with missing details: Tosu","match_time":"12:30
2024-06-16 06:29:06 - Skipping match with missing details: PM","competition":"JAPAN","stream_link":"https://vipstand.pm/sports/football/watch-avispa-fukuoka-vs-sagan-tosu-live/1/"}
2024-06-16 06:29:06 - Skipping match with missing details: {"home_team":"Rosario
2024-06-16 06:29:06 - Skipping match with missing details: Central","away_team":"Barracas
2024-06-16 06:29:06 - Skipping match with missing details: Central","match_time":"09:00
2024-06-16 06:29:06 - Skipping match with missing details: AM","competition":"ARGENTINA","stream_link":"https://vipstand.pm/sports/football/watch-rosario-central-vs-barracas-central-live/1/"}
2024-06-16 06:29:06 - Skipping match with missing details: {"home_team":"Seattle
2024-06-16 06:29:06 - Skipping match with missing details: Reign
2024-06-16 06:29:06 - Skipping match with missing details: W","away_team":"Portland
2024-06-16 06:29:06 - Skipping match with missing details: Thorns
2024-06-16 06:29:06 - Skipping match with missing details: W","match_time":"02:00
2024-06-16 06:29:06 - Skipping match with missing details: AM","competition":"FOOTBALL","stream_link":"https://vipstand.pm/sports/football/watch-seattle-reign-w-vs-portland-thorns-w-live/1/"}
2024-06-16 06:29:06 - Skipping match with missing details: {"home_team":"Atletico
2024-06-16 06:29:06 - Skipping match with missing details: Tucuman","away_team":"Defensa
2024-06-16 06:29:06 - Skipping match with missing details: y
2024-06-16 06:29:06 - Skipping match with missing details: Justicia","match_time":"05:30
2024-06-16 06:29:06 - Skipping match with missing details: AM","competition":"ARGENTINA","stream_link":"https://vipstand.pm/sports/football/watch-atletico-tucuman-vs-defensa-y-justicia-live/1/"}
2024-06-16 06:29:06 - Skipping match with missing details: {"home_team":"Vitoria","away_team":"Internacional","match_time":"01:00
2024-06-16 06:29:06 - Skipping match with missing details: AM","competition":"BRAZIL","stream_link":"https://vipstand.pm/sports/football/watch-vitoria-vs-internacional-live/1/"}
2024-06-16 06:29:06 - Skipping match with missing details: {"home_team":"Vancouver
2024-06-16 06:29:06 - Skipping match with missing details: FC","away_team":"Cavalry","match_time":"03:00
2024-06-16 06:29:06 - Skipping match with missing details: AM","competition":"CANADA","stream_link":"https://vipstand.pm/sports/football/watch-vancouver-fc-vs-cavalry-live/1/"}
2024-06-16 06:29:06 - Skipping match with missing details: {"home_team":"Panama","away_team":"Paraguay","match_time":"04:30
2024-06-16 06:29:06 - Skipping match with missing details: AM","competition":"FOOTBALL","stream_link":"https://vipstand.pm/sports/football/watch-panama-vs-paraguay-live/1/"}
2024-06-16 06:29:06 - Skipping match with missing details: {"home_team":"Gremio","away_team":"Botafogo","match_time":"03:30
2024-06-16 06:29:06 - Skipping match with missing details: AM","competition":"BRAZIL","stream_link":"https://vipstand.pm/sports/football/watch-gremio-vs-botafogo-live/1/"}
2024-06-16 06:29:06 - Skipping match with missing details: {"home_team":"Fluminense","away_team":"Atletico-GO","match_time":"06:00
2024-06-16 06:29:06 - Skipping match with missing details: AM","competition":"BRAZIL","stream_link":"https://vipstand.pm/sports/football/watch-fluminense-vs-atletico-go-live/1/"}
2024-06-16 06:29:06 - Skipping match with missing details: {"home_team":"Thespa
2024-06-16 06:29:06 - Skipping match with missing details: Gunma","away_team":"Renofa
2024-06-16 06:29:06 - Skipping match with missing details: Yamaguchi","match_time":"03:30
2024-06-16 06:29:06 - Skipping match with missing details: PM","competition":"JAPAN","stream_link":"https://vipstand.pm/sports/football/watch-thespa-gunma-vs-renofa-yamaguchi-live/1/"}
2024-06-16 06:29:06 - Skipping match with missing details: {"home_team":"Oster","away_team":"Ostersund","match_time":"07:00
2024-06-16 06:29:06 - Skipping match with missing details: PM","competition":"SWEDEN","stream_link":"https://vipstand.pm/sports/football/watch-oster-vs-ostersund-live/1/"}
2024-06-16 06:29:06 - Skipping match with missing details: {"home_team":"Indy
2024-06-16 06:29:06 - Skipping match with missing details: Eleven","away_team":"San
2024-06-16 06:29:06 - Skipping match with missing details: Antonio
2024-06-16 06:29:06 - Skipping match with missing details: San
2024-06-16 06:29:06 - Skipping match with missing details: Antonio","match_time":"05:00
2024-06-16 06:29:06 - Skipping match with missing details: AM","competition":"UNITED
2024-06-16 06:29:06 - Skipping match with missing details: STATES","stream_link":"https://vipstand.pm/sports/football/watch-indy-eleven-vs-san-antonio-san-antonio-live/1/"}
2024-06-16 06:29:06 - Skipping match with missing details: {"home_team":"Botafogo
2024-06-16 06:29:06 - Skipping match with missing details: SP","away_team":"Vila
2024-06-16 06:29:06 - Skipping match with missing details: Nova-GO","match_time":"08:00
2024-06-16 06:29:06 - Skipping match with missing details: PM","competition":"BRAZIL","stream_link":"https://vipstand.pm/sports/football/watch-botafogo-sp-vs-vila-nova-go-live/1/"}
2024-06-16 06:29:06 - Skipping match with missing details: {"home_team":"Goias","away_team":"Coritiba","match_time":"03:30
2024-06-16 06:29:06 - Skipping match with missing details: AM","competition":"BRAZIL","stream_link":"https://vipstand.pm/sports/football/watch-goias-vs-coritiba-live/1/"}
2024-06-16 06:29:06 - Skipping match with missing details: {"home_team":"Seattle
2024-06-16 06:29:06 - Skipping match with missing details: Sounders
2024-06-16 06:43:36 - Starting loop iteration
2024-06-16 06:43:36 - Using JSON file: /home/fam007e/dwm/scripts/FootballFixtures/matches_Date_16-06-24.json
2024-06-16 06:43:36 - Displaying match:  vs  at 
2024-06-16 06:43:36 - Displaying match:  vs  at 
2024-06-16 06:43:36 - Displaying match:  vs  at 
2024-06-16 06:43:36 - Displaying match:  vs  at 
2024-06-16 06:43:36 - Displaying match:  vs  at 
2024-06-16 06:43:36 - Displaying match:  vs  at 
2024-06-16 06:43:36 - Displaying match:  vs  at 
2024-06-16 06:43:36 - Displaying match:  vs  at 
2024-06-16 06:43:36 - Displaying match:  vs  at 
2024-06-16 06:43:36 - Displaying match:  vs  at 
2024-06-16 06:43:36 - Displaying match:  vs  at 
2024-06-16 06:43:36 - Displaying match:  vs  at 
2024-06-16 06:43:36 - Displaying match:  vs  at 
2024-06-16 06:43:36 - Displaying match:  vs  at 
2024-06-16 06:43:36 - Displaying match:  vs  at 
2024-06-16 06:43:36 - Displaying match:  vs  at 
2024-06-16 06:43:36 - Displaying match:  vs  at 
2024-06-16 06:43:36 - Displaying match:  vs  at 
2024-06-16 06:43:36 - Displaying match:  vs  at 
2024-06-16 06:43:36 - Displaying match:  vs  at 
2024-06-16 06:43:36 - Displaying match:  vs  at 
2024-06-16 06:43:36 - Displaying match:  vs  at 
2024-06-16 06:43:36 - Displaying match:  vs  at 
2024-06-16 06:43:36 - Displaying match:  vs  at 
2024-06-16 06:43:36 - Displaying match:  vs  at 
2024-06-16 06:43:36 - Displaying match:  vs  at 
2024-06-16 06:43:36 - Displaying match:  vs  at 
2024-06-16 06:43:36 - Displaying match:  vs  at 
2024-06-16 06:43:36 - Displaying match:  vs  at 
2024-06-16 06:43:36 - Displaying match:  vs  at 
2024-06-16 06:43:36 - Displaying match:  vs  at 
2024-06-16 06:43:36 - Displaying match:  vs  at 
2024-06-16 06:43:36 - Displaying match:  vs  at 
2024-06-16 06:43:36 - Displaying match:  vs  at 
2024-06-16 06:43:36 - Displaying match:  vs  at 
2024-06-16 06:43:36 - Displaying match:  vs  at 
2024-06-16 06:43:36 - Displaying match:  vs  at 
2024-06-16 06:43:36 - Displaying match:  vs  at 
2024-06-16 06:43:36 - Displaying match:  vs  at 
2024-06-16 06:43:36 - Displaying match:  vs  at 
2024-06-16 06:43:36 - Displaying match:  vs  at 
2024-06-16 06:43:36 - Displaying match:  vs  at 
2024-06-16 06:43:36 - Displaying match:  vs  at 
2024-06-16 06:43:36 - Displaying match:  vs  at 
2024-06-16 06:43:36 - Displaying match:  vs  at 
2024-06-16 06:43:36 - Displaying match:  vs  at 
2024-06-16 06:43:36 - Displaying match:  vs  at 
2024-06-16 06:43:36 - Displaying match:  vs  at 
2024-06-16 06:43:36 - Displaying match:  vs  at 
2024-06-16 06:43:36 - Displaying match:  vs  at 
2024-06-16 06:43:36 - Displaying match:  vs  at 
2024-06-16 06:43:36 - Displaying match:  vs  at 
2024-06-16 06:43:36 - Displaying match:  vs  at 
2024-06-16 06:43:36 - Displaying match:  vs  at 
2024-06-16 06:43:36 - Displaying match:  vs  at 
2024-06-16 06:43:36 - Displaying match:  vs  at 
2024-06-16 06:43:36 - Displaying match:  vs  at 
2024-06-16 06:43:36 - Displaying match:  vs  at 
2024-06-16 06:43:36 - Displaying match:  vs  at 
2024-06-16 06:43:36 - Displaying match:  vs  at 
2024-06-16 06:43:36 - Displaying match:  vs  at 
2024-06-16 06:43:36 - Displaying match:  vs  at 
2024-06-16 06:43:36 - Displaying match:  vs  at 
2024-06-16 06:43:36 - Displaying match:  vs  at 
2024-06-16 06:43:36 - Displaying match:  vs  at 
2024-06-16 06:43:36 - Displaying match:  vs  at 
2024-06-16 06:43:37 - Displaying match:  vs  at 
2024-06-16 06:43:37 - Displaying match:  vs  at 
2024-06-16 06:43:37 - Displaying match:  vs  at 
2024-06-16 06:43:37 - Displaying match:  vs  at 
2024-06-16 06:43:37 - Displaying match:  vs  at 
2024-06-16 06:43:37 - Displaying match:  vs  at 
2024-06-16 06:43:37 - Displaying match:  vs  at 
2024-06-16 06:43:37 - Displaying match:  vs  at 
2024-06-16 06:43:37 - Displaying match:  vs  at 
2024-06-16 06:43:37 - Displaying match:  vs  at 
2024-06-16 06:43:37 - Displaying match:  vs  at 
2024-06-16 06:43:37 - Displaying match:  vs  at 
2024-06-16 06:43:37 - Displaying match:  vs  at 
2024-06-16 06:43:37 - Displaying match:  vs  at 
2024-06-16 06:43:37 - Displaying match:  vs  at 
2024-06-16 06:43:37 - Displaying match:  vs  at 
2024-06-16 06:43:37 - Displaying match:  vs  at 
2024-06-16 06:43:37 - Displaying match:  vs  at 
2024-06-16 06:43:37 - Displaying match:  vs  at 
2024-06-16 06:43:37 - Displaying match:  vs  at 
2024-06-16 06:43:37 - Displaying match:  vs  at 
2024-06-16 06:43:37 - Displaying match:  vs  at 
2024-06-16 06:43:37 - Displaying match:  vs  at 
2024-06-16 06:43:37 - Displaying match:  vs  at 
2024-06-16 06:43:37 - Displaying match:  vs  at 
2024-06-16 06:43:37 - Displaying match:  vs  at 
2024-06-16 06:43:37 - Displaying match:  vs  at 
2024-06-16 06:43:37 - Displaying match:  vs  at 
2024-06-16 06:43:37 - Displaying match:  vs  at 
2024-06-16 06:43:37 - Displaying match:  vs  at 
2024-06-16 06:43:37 - Displaying match:  vs  at 
2024-06-16 06:43:37 - Displaying match:  vs  at 
2024-06-16 06:43:37 - Displaying match:  vs  at 
2024-06-16 06:43:37 - Displaying match:  vs  at 
2024-06-16 06:43:37 - Displaying match:  vs  at 
2024-06-16 06:43:37 - Displaying match:  vs  at 
2024-06-16 06:43:37 - Displaying match:  vs  at 
2024-06-16 06:43:37 - Displaying match:  vs  at 
2024-06-16 06:43:37 - Displaying match:  vs  at 
2024-06-16 06:43:37 - Displaying match:  vs  at 
2024-06-16 06:43:37 - Displaying match:  vs  at 
2024-06-16 06:43:37 - Displaying match:  vs  at 
2024-06-16 06:43:37 - Displaying match:  vs  at 
2024-06-16 06:43:37 - Displaying match:  vs  at 
2024-06-16 06:43:37 - Displaying match:  vs  at 
2024-06-16 06:43:37 - Displaying match:  vs  at 
2024-06-16 06:43:37 - Displaying match:  vs  at 
2024-06-16 06:43:37 - Displaying match:  vs  at 
2024-06-16 06:43:37 - Displaying match:  vs  at 
2024-06-16 06:43:37 - Displaying match:  vs  at 
2024-06-16 06:43:37 - Displaying match:  vs  at 
2024-06-16 06:43:37 - Displaying match:  vs  at 
2024-06-16 06:43:37 - Displaying match:  vs  at 
2024-06-16 06:43:37 - Displaying match:  vs  at 
2024-06-16 06:43:37 - Displaying match:  vs  at 
2024-06-16 06:43:37 - Displaying match:  vs  at 
2024-06-16 06:43:37 - Displaying match:  vs  at 
2024-06-16 06:43:37 - Displaying match:  vs  at 
2024-06-16 06:43:37 - Displaying match:  vs  at 
2024-06-16 06:43:37 - Displaying match:  vs  at 
2024-06-16 06:43:37 - Displaying match:  vs  at 
2024-06-16 06:43:37 - Displaying match:  vs  at 
2024-06-16 06:43:37 - Displaying match:  vs  at 
2024-06-16 06:43:37 - Displaying match:  vs  at 
2024-06-16 06:43:37 - Displaying match:  vs  at 
2024-06-16 06:43:37 - Displaying match:  vs  at 
2024-06-16 06:43:37 - Displaying match:  vs  at 
2024-06-16 06:43:37 - Displaying match:  vs  at 
2024-06-16 06:43:37 - Displaying match:  vs  at 
2024-06-16 06:43:37 - Displaying match:  vs  at 
2024-06-16 06:43:37 - Displaying match:  vs  at 
2024-06-16 06:43:37 - Displaying match:  vs  at 
2024-06-16 06:43:37 - Displaying match:  vs  at 
2024-06-16 06:43:37 - Displaying match:  vs  at 
2024-06-16 06:43:37 - Displaying match:  vs  at 
2024-06-16 06:43:37 - Displaying match:  vs  at 
2024-06-16 06:43:37 - Displaying match:  vs  at 
2024-06-16 06:43:37 - Displaying match:  vs  at 
2024-06-16 06:43:37 - Displaying match:  vs  at 
2024-06-16 06:43:37 - Displaying match:  vs  at 
2024-06-16 06:43:37 - Displaying match:  vs  at 
2024-06-16 06:43:37 - Displaying match:  vs  at 
2024-06-16 06:43:37 - Displaying match:  vs  at 
2024-06-16 06:43:37 - Displaying match:  vs  at 
2024-06-16 06:43:37 - Displaying match:  vs  at 
2024-06-16 06:43:37 - Displaying match:  vs  at 
2024-06-16 06:43:37 - Displaying match:  vs  at 
2024-06-16 06:43:37 - Displaying match:  vs  at 
2024-06-16 06:43:37 - Displaying match:  vs  at 
2024-06-16 06:43:37 - Displaying match:  vs  at 
2024-06-16 06:43:38 - Displaying match:  vs  at 
2024-06-16 06:43:38 - Displaying match:  vs  at 
2024-06-16 06:43:38 - Displaying match:  vs  at 
2024-06-16 06:46:31 - Starting loop iteration
2024-06-16 06:46:31 - Using JSON file: /home/fam007e/dwm/scripts/FootballFixtures/matches_Date_16-06-24.json
2024-06-16 06:46:31 - Displaying match:  vs  at 
2024-06-16 06:46:32 - Displaying match:  vs  at 
2024-06-16 06:46:32 - Displaying match:  vs  at 
2024-06-16 06:46:32 - Displaying match:  vs  at 
2024-06-16 06:46:32 - Displaying match:  vs  at 
2024-06-16 06:46:32 - Displaying match:  vs  at 
2024-06-16 06:46:32 - Displaying match:  vs  at 
2024-06-16 06:46:32 - Displaying match:  vs  at 
2024-06-16 06:46:32 - Displaying match:  vs  at 
2024-06-16 06:46:32 - Displaying match:  vs  at 
2024-06-16 06:46:32 - Displaying match:  vs  at 
2024-06-16 06:46:32 - Displaying match:  vs  at 
2024-06-16 06:46:32 - Displaying match:  vs  at 
2024-06-16 06:46:32 - Displaying match:  vs  at 
2024-06-16 06:46:32 - Displaying match:  vs  at 
2024-06-16 06:46:32 - Displaying match:  vs  at 
2024-06-16 06:46:32 - Displaying match:  vs  at 
2024-06-16 06:46:32 - Displaying match:  vs  at 
2024-06-16 06:46:32 - Displaying match:  vs  at 
2024-06-16 06:46:32 - Displaying match:  vs  at 
2024-06-16 06:46:32 - Displaying match:  vs  at 
2024-06-16 06:46:32 - Displaying match:  vs  at 
2024-06-16 06:46:32 - Displaying match:  vs  at 
2024-06-16 06:46:32 - Displaying match:  vs  at 
2024-06-16 06:56:52 - Starting loop iteration
2024-06-16 06:56:52 - Current time: 2024-06-16 06:56:52 AM
2024-06-16 06:56:52 - Displaying match: <a href=''> vs  at </a>
2024-06-16 06:56:52 - Displaying match: <a href=''> vs  at </a>
2024-06-16 06:56:52 - Displaying match: <a href=''> vs  at </a>
2024-06-16 06:56:52 - Displaying match: <a href=''> vs  at </a>
2024-06-16 06:56:52 - Displaying match: <a href=''> vs  at </a>
2024-06-16 06:56:52 - Displaying match: <a href=''> vs  at </a>
2024-06-16 06:56:52 - Displaying match: <a href=''> vs  at </a>
2024-06-16 06:56:52 - Displaying match: <a href=''> vs  at </a>
2024-06-16 06:56:52 - Displaying match: <a href=''> vs  at </a>
2024-06-16 06:56:52 - Displaying match: <a href=''> vs  at </a>
2024-06-16 06:56:52 - Displaying match: <a href=''> vs  at </a>
2024-06-16 06:56:52 - Displaying match: <a href=''> vs  at </a>
2024-06-16 06:56:52 - Displaying match: <a href=''> vs  at </a>
2024-06-16 06:56:52 - Displaying match: <a href=''> vs  at </a>
2024-06-16 06:56:52 - Displaying match: <a href=''> vs  at </a>
2024-06-16 06:56:52 - Displaying match: <a href=''> vs  at </a>
2024-06-16 06:56:52 - Displaying match: <a href=''> vs  at </a>
2024-06-16 06:56:52 - Displaying match: <a href=''> vs  at </a>
2024-06-16 06:56:52 - Displaying match: <a href=''> vs  at </a>
2024-06-16 06:56:52 - Displaying match: <a href=''> vs  at </a>
2024-06-16 06:56:52 - Displaying match: <a href=''> vs  at </a>
2024-06-16 06:56:52 - Displaying match: <a href=''> vs  at </a>
2024-06-16 06:56:52 - Displaying match: <a href=''> vs  at </a>
2024-06-16 06:56:52 - Displaying match: <a href=''> vs  at </a>
2024-06-16 06:56:52 - Displaying match: <a href=''> vs  at </a>
2024-06-16 06:56:52 - Displaying match: <a href=''> vs  at </a>
2024-06-16 06:56:53 - Displaying match: <a href=''> vs  at </a>
2024-06-16 06:56:53 - Displaying match: <a href=''> vs  at </a>
2024-06-16 06:56:53 - Displaying match: <a href=''> vs  at </a>
2024-06-16 06:56:53 - Displaying match: <a href=''> vs  at </a>
2024-06-16 06:56:53 - Displaying match: <a href=''> vs  at </a>
2024-06-16 06:56:53 - Displaying match: <a href=''> vs  at </a>
2024-06-16 06:56:53 - Displaying match: <a href=''> vs  at </a>
2024-06-16 06:56:53 - Displaying match: <a href=''> vs  at </a>
2024-06-16 06:56:53 - Displaying match: <a href=''> vs  at </a>
2024-06-16 06:56:53 - Displaying match: <a href=''> vs  at </a>
2024-06-16 06:56:53 - Displaying match: <a href=''> vs  at </a>
2024-06-16 06:56:53 - Displaying match: <a href=''> vs  at </a>
2024-06-16 06:56:53 - Displaying match: <a href=''> vs  at </a>
2024-06-16 06:56:53 - Displaying match: <a href=''> vs  at </a>
2024-06-16 06:56:53 - Displaying match: <a href=''> vs  at </a>
2024-06-16 06:56:53 - Displaying match: <a href=''> vs  at </a>
2024-06-16 06:56:53 - Displaying match: <a href=''> vs  at </a>
2024-06-16 06:56:53 - Displaying match: <a href=''> vs  at </a>
2024-06-16 06:56:53 - Displaying match: <a href=''> vs  at </a>
2024-06-16 06:56:53 - Displaying match: <a href=''> vs  at </a>
2024-06-16 06:56:53 - Displaying match: <a href=''> vs  at </a>
2024-06-16 06:56:53 - Displaying match: <a href=''> vs  at </a>
2024-06-16 06:56:53 - Displaying match: <a href=''> vs  at </a>
2024-06-16 06:56:53 - Displaying match: <a href=''> vs  at </a>
2024-06-16 06:56:53 - Displaying match: <a href=''> vs  at </a>
2024-06-16 06:56:53 - Displaying match: <a href=''> vs  at </a>
2024-06-16 06:56:53 - Displaying match: <a href=''> vs  at </a>
2024-06-16 06:56:53 - Displaying match: <a href=''> vs  at </a>
2024-06-16 06:56:53 - Displaying match: <a href=''> vs  at </a>
2024-06-16 06:56:53 - Displaying match: <a href=''> vs  at </a>
2024-06-16 06:56:53 - Displaying match: <a href=''> vs  at </a>
2024-06-16 06:56:53 - Displaying match: <a href=''> vs  at </a>
2024-06-16 06:56:53 - Displaying match: <a href=''> vs  at </a>
2024-06-16 06:56:53 - Displaying match: <a href=''> vs  at </a>
2024-06-16 06:56:53 - Displaying match: <a href=''> vs  at </a>
2024-06-16 06:56:53 - Displaying match: <a href=''> vs  at </a>
2024-06-16 06:56:53 - Displaying match: <a href=''> vs  at </a>
2024-06-16 06:56:53 - Displaying match: <a href=''> vs  at </a>
2024-06-16 06:56:53 - Displaying match: <a href=''> vs  at </a>
2024-06-16 06:56:53 - Displaying match: <a href=''> vs  at </a>
2024-06-16 06:56:53 - Displaying match: <a href=''> vs  at </a>
2024-06-16 06:56:53 - Displaying match: <a href=''> vs  at </a>
2024-06-16 06:56:53 - Displaying match: <a href=''> vs  at </a>
2024-06-16 06:56:53 - Displaying match: <a href=''> vs  at </a>
2024-06-16 06:56:53 - Displaying match: <a href=''> vs  at </a>
2024-06-16 06:56:53 - Displaying match: <a href=''> vs  at </a>
2024-06-16 06:56:53 - Displaying match: <a href=''> vs  at </a>
2024-06-16 06:56:53 - Displaying match: <a href=''> vs  at </a>
2024-06-16 06:56:53 - Displaying match: <a href=''> vs  at </a>
2024-06-16 06:56:53 - Displaying match: <a href=''> vs  at </a>
2024-06-16 06:56:53 - Displaying match: <a href=''> vs  at </a>
2024-06-16 06:56:53 - Displaying match: <a href=''> vs  at </a>
2024-06-16 06:56:53 - Displaying match: <a href=''> vs  at </a>
2024-06-16 06:56:53 - Displaying match: <a href=''> vs  at </a>
2024-06-16 06:56:53 - Displaying match: <a href=''> vs  at </a>
2024-06-16 06:56:53 - Displaying match: <a href=''> vs  at </a>
2024-06-16 06:56:53 - Displaying match: <a href=''> vs  at </a>
2024-06-16 06:56:53 - Displaying match: <a href=''> vs  at </a>
2024-06-16 06:56:53 - Displaying match: <a href=''> vs  at </a>
2024-06-16 06:56:53 - Displaying match: <a href=''> vs  at </a>
2024-06-16 06:56:53 - Displaying match: <a href=''> vs  at </a>
2024-06-16 06:56:53 - Displaying match: <a href=''> vs  at </a>
2024-06-16 06:56:53 - Displaying match: <a href=''> vs  at </a>
2024-06-16 06:56:53 - Displaying match: <a href=''> vs  at </a>
2024-06-16 06:56:53 - Displaying match: <a href=''> vs  at </a>
2024-06-16 06:56:53 - Displaying match: <a href=''> vs  at </a>
2024-06-16 06:56:53 - Displaying match: <a href=''> vs  at </a>
2024-06-16 06:56:53 - Displaying match: <a href=''> vs  at </a>
2024-06-16 06:56:53 - Displaying match: <a href=''> vs  at </a>
2024-06-16 06:56:53 - Displaying match: <a href=''> vs  at </a>
2024-06-16 06:56:53 - Displaying match: <a href=''> vs  at </a>
2024-06-16 06:56:53 - Displaying match: <a href=''> vs  at </a>
2024-06-16 06:56:53 - Displaying match: <a href=''> vs  at </a>
2024-06-16 06:56:53 - Displaying match: <a href=''> vs  at </a>
2024-06-16 06:56:53 - Displaying match: <a href=''> vs  at </a>
2024-06-16 06:56:53 - Displaying match: <a href=''> vs  at </a>
2024-06-16 06:56:53 - Displaying match: <a href=''> vs  at </a>
2024-06-16 06:56:53 - Displaying match: <a href=''> vs  at </a>
2024-06-16 06:56:53 - Displaying match: <a href=''> vs  at </a>
2024-06-16 06:56:53 - Displaying match: <a href=''> vs  at </a>
2024-06-16 06:56:53 - Displaying match: <a href=''> vs  at </a>
2024-06-16 06:56:53 - Displaying match: <a href=''> vs  at </a>
2024-06-16 06:56:53 - Displaying match: <a href=''> vs  at </a>
2024-06-16 06:56:53 - Displaying match: <a href=''> vs  at </a>
2024-06-16 06:56:53 - Displaying match: <a href=''> vs  at </a>
2024-06-16 06:56:53 - Displaying match: <a href=''> vs  at </a>
2024-06-16 06:57:03 - Starting loop iteration
2024-06-16 06:57:03 - Current time: 2024-06-16 06:57:03 AM
2024-06-16 06:57:03 - Displaying match: <a href=''> vs  at </a>
2024-06-16 06:57:03 - Displaying match: <a href=''> vs  at </a>
2024-06-16 06:57:03 - Displaying match: <a href=''> vs  at </a>
2024-06-16 06:57:03 - Displaying match: <a href=''> vs  at </a>
2024-06-16 06:57:03 - Displaying match: <a href=''> vs  at </a>
2024-06-16 06:57:03 - Displaying match: <a href=''> vs  at </a>
2024-06-16 06:57:03 - Displaying match: <a href=''> vs  at </a>
2024-06-16 06:57:04 - Displaying match: <a href=''> vs  at </a>
2024-06-16 06:57:04 - Displaying match: <a href=''> vs  at </a>
2024-06-16 06:57:04 - Displaying match: <a href=''> vs  at </a>
2024-06-16 06:57:04 - Displaying match: <a href=''> vs  at </a>
2024-06-16 06:57:04 - Displaying match: <a href=''> vs  at </a>
2024-06-16 06:57:04 - Displaying match: <a href=''> vs  at </a>
2024-06-16 06:57:04 - Displaying match: <a href=''> vs  at </a>
2024-06-16 06:57:04 - Displaying match: <a href=''> vs  at </a>
2024-06-16 06:57:04 - Displaying match: <a href=''> vs  at </a>
2024-06-16 07:12:03 - Using JSON file: /home/fam007e/dwm/scripts/FootballFixtures/matches_Date_16-06-24.json
2024-06-16 07:12:03 - Displaying match: Helsingborg
2024-06-16 07:12:03 - Displaying match: vs
2024-06-16 07:12:03 - Displaying match: Orebro
2024-06-16 07:12:04 - Displaying match: at
2024-06-16 07:12:04 - Displaying match: 07:00
2024-06-16 07:12:04 - Displaying match: PM
2024-06-16 07:12:04 - Displaying match: Indy
2024-06-16 07:12:04 - Displaying match: Eleven
2024-06-16 07:12:04 - Displaying match: vs
2024-06-16 07:12:04 - Displaying match: San
2024-06-16 07:12:04 - Displaying match: Antonio
2024-06-16 07:12:04 - Displaying match: San
2024-06-16 07:12:04 - Displaying match: Antonio
2024-06-16 07:12:04 - Displaying match: at
2024-06-16 07:12:04 - Displaying match: 05:00
2024-06-16 07:12:04 - Displaying match: AM
2024-06-16 07:12:04 - Displaying match: Brusque
2024-06-16 07:12:04 - Displaying match: vs
2024-06-16 07:12:04 - Displaying match: Ceara
2024-06-16 07:12:04 - Displaying match: at
2024-06-16 07:12:04 - Displaying match: 01:00
2024-06-16 07:12:04 - Displaying match: AM
2024-06-16 07:12:04 - Displaying match: Thespa
2024-06-16 07:12:04 - Displaying match: Gunma
2024-06-16 07:12:04 - Displaying match: vs
2024-06-16 07:12:04 - Displaying match: Renofa
2024-06-16 07:12:04 - Displaying match: Yamaguchi
2024-06-16 07:12:04 - Displaying match: at
2024-06-16 07:12:04 - Displaying match: 03:30
2024-06-16 07:12:04 - Displaying match: PM
2024-06-16 07:12:04 - Displaying match: Vegalta
2024-06-16 07:12:04 - Displaying match: Sendai
2024-06-16 07:12:04 - Displaying match: vs
2024-06-16 07:12:04 - Displaying match: V-Varen
2024-06-16 07:12:04 - Displaying match: Nagasaki
2024-06-16 07:12:04 - Displaying match: at
2024-06-16 07:12:04 - Displaying match: 03:00
2024-06-16 07:12:04 - Displaying match: PM
2024-06-16 07:12:04 - Displaying match: Vancouver
